[0.000000] (-) TimerEvent: {}
[0.000216] (cpp_py_pkg) JobQueued: {'identifier': 'cpp_py_pkg', 'dependencies': OrderedDict()}
[0.000303] (cpp_py_pkg) JobStarted: {'identifier': 'cpp_py_pkg'}
[0.008416] (cpp_py_pkg) JobProgress: {'identifier': 'cpp_py_pkg', 'progress': 'cmake'}
[0.009708] (cpp_py_pkg) JobProgress: {'identifier': 'cpp_py_pkg', 'progress': 'build'}
[0.011588] (cpp_py_pkg) Command: {'cmd': ['/usr/bin/cmake', '--build', '/home/tyler/lab1_ws/build/cpp_py_pkg', '--', '-j8', '-l8'], 'cwd': '/home/tyler/lab1_ws/build/cpp_py_pkg', 'env': OrderedDict([('LESSOPEN', '| /usr/bin/lesspipe %s'), ('USER', 'tyler'), ('GIT_ASKPASS', '/home/tyler/.vscode-server/bin/38c31bc77e0dd6ae88a4e9cc93428cc27a56ba40/extensions/git/dist/askpass.sh'), ('SHLVL', '1'), ('HOME', '/home/tyler'), ('OLDPWD', '/home/tyler/lab1_ws/src/cpp_py_pkg/scripts'), ('TERM_PROGRAM_VERSION', '1.93.1'), ('VSCODE_IPC_HOOK_CLI', '/run/user/1000/vscode-ipc-d8ff2d83-6bff-4251-a6ad-77fa188354ec.sock'), ('VSCODE_GIT_ASKPASS_MAIN', '/home/tyler/.vscode-server/bin/38c31bc77e0dd6ae88a4e9cc93428cc27a56ba40/extensions/git/dist/askpass-main.js'), ('VSCODE_GIT_ASKPASS_NODE', '/home/tyler/.vscode-server/bin/38c31bc77e0dd6ae88a4e9cc93428cc27a56ba40/node'), ('DBUS_SESSION_BUS_ADDRESS', 'unix:path=/run/user/1000/bus'), ('COLORTERM', 'truecolor'), ('WSL_DISTRO_NAME', 'Ubuntu-20.04'), ('WAYLAND_DISPLAY', 'wayland-0'), ('COLCON_PREFIX_PATH', '/home/tyler/lab1_ws/install'), ('LOGNAME', 'tyler'), ('NAME', 'LAPTOP-4AH6M1ML'), ('WSL_INTEROP', '/run/WSL/1014_interop'), ('PULSE_SERVER', 'unix:/mnt/wslg/PulseServer'), ('_', '/usr/bin/colcon'), ('TERM', 'xterm-256color'), ('PATH', '/home/tyler/.vscode-server/bin/38c31bc77e0dd6ae88a4e9cc93428cc27a56ba40/bin/remote-cli:/home/tyler/.local/bin:/usr/local/sbin:/usr/local/bin:/usr/sbin:/usr/bin:/sbin:/bin:/usr/games:/usr/local/games:/usr/lib/wsl/lib:/mnt/c/Python312/Scripts/:/mnt/c/Python312/:/mnt/c/windows/system32:/mnt/c/windows:/mnt/c/windows/System32/Wbem:/mnt/c/windows/System32/WindowsPowerShell/v1.0/:/mnt/c/windows/System32/OpenSSH/:/mnt/c/Program Files (x86)/NVIDIA Corporation/PhysX/Common:/mnt/c/Program Files/NVIDIA Corporation/NVIDIA NvDLISR:/mnt/c/WINDOWS/system32:/mnt/c/WINDOWS:/mnt/c/WINDOWS/System32/Wbem:/mnt/c/WINDOWS/System32/WindowsPowerShell/v1.0/:/mnt/c/WINDOWS/System32/OpenSSH/:/mnt/c/Users/tjbas/Downloads/apache-maven-3.8.6-bin:/mnt/c/WinLabMinGW/mingw64/bin:/mnt/c/Program Files/Git/cmd:/mnt/c/Users/tjbas/Desktop/Flex/win_flex_bison-latest:/mnt/c/Program Files/HP/HP One Agent:/mnt/c/WINDOWS/system32:/mnt/c/WINDOWS:/mnt/c/WINDOWS/System32/Wbem:/mnt/c/WINDOWS/System32/WindowsPowerShell/v1.0/:/mnt/c/WINDOWS/System32/OpenSSH/:/mnt/c/ProgramData/chocolatey/bin:/mnt/c/Users/pillo/AppData/Roaming/nvm:/mnt/c/Program Files/nodejs:/mnt/d/doxygen/bin:/mnt/c/Users/tjbas/AppData/Local/Programs/Python/Python310/Scripts/:/mnt/c/Users/tjbas/AppData/Local/Programs/Python/Python310/:/mnt/c/Users/tjbas/AppData/Local/Microsoft/WindowsApps:/mnt/c/Users/tjbas/AppData/Local/Programs/Microsoft VS Code/bin:/mnt/c/Users/tjbas/AppData/Local/Microsoft/WindowsApps:/snap/bin'), ('XDG_RUNTIME_DIR', '/run/user/1000/'), ('DISPLAY', ':0'), ('LANG', 'en_US.UTF-8'), ('LS_COLORS', 'rs=0:di=01;34:ln=01;36:mh=00:pi=40;33:so=01;35:do=01;35:bd=40;33;01:cd=40;33;01:or=40;31;01:mi=00:su=37;41:sg=30;43:ca=30;41:tw=30;42:ow=34;42:st=37;44:ex=01;32:*.tar=01;31:*.tgz=01;31:*.arc=01;31:*.arj=01;31:*.taz=01;31:*.lha=01;31:*.lz4=01;31:*.lzh=01;31:*.lzma=01;31:*.tlz=01;31:*.txz=01;31:*.tzo=01;31:*.t7z=01;31:*.zip=01;31:*.z=01;31:*.dz=01;31:*.gz=01;31:*.lrz=01;31:*.lz=01;31:*.lzo=01;31:*.xz=01;31:*.zst=01;31:*.tzst=01;31:*.bz2=01;31:*.bz=01;31:*.tbz=01;31:*.tbz2=01;31:*.tz=01;31:*.deb=01;31:*.rpm=01;31:*.jar=01;31:*.war=01;31:*.ear=01;31:*.sar=01;31:*.rar=01;31:*.alz=01;31:*.ace=01;31:*.zoo=01;31:*.cpio=01;31:*.7z=01;31:*.rz=01;31:*.cab=01;31:*.wim=01;31:*.swm=01;31:*.dwm=01;31:*.esd=01;31:*.jpg=01;35:*.jpeg=01;35:*.mjpg=01;35:*.mjpeg=01;35:*.gif=01;35:*.bmp=01;35:*.pbm=01;35:*.pgm=01;35:*.ppm=01;35:*.tga=01;35:*.xbm=01;35:*.xpm=01;35:*.tif=01;35:*.tiff=01;35:*.png=01;35:*.svg=01;35:*.svgz=01;35:*.mng=01;35:*.pcx=01;35:*.mov=01;35:*.mpg=01;35:*.mpeg=01;35:*.m2v=01;35:*.mkv=01;35:*.webm=01;35:*.ogm=01;35:*.mp4=01;35:*.m4v=01;35:*.mp4v=01;35:*.vob=01;35:*.qt=01;35:*.nuv=01;35:*.wmv=01;35:*.asf=01;35:*.rm=01;35:*.rmvb=01;35:*.flc=01;35:*.avi=01;35:*.fli=01;35:*.flv=01;35:*.gl=01;35:*.dl=01;35:*.xcf=01;35:*.xwd=01;35:*.yuv=01;35:*.cgm=01;35:*.emf=01;35:*.ogv=01;35:*.ogx=01;35:*.aac=00;36:*.au=00;36:*.flac=00;36:*.m4a=00;36:*.mid=00;36:*.midi=00;36:*.mka=00;36:*.mp3=00;36:*.mpc=00;36:*.ogg=00;36:*.ra=00;36:*.wav=00;36:*.oga=00;36:*.opus=00;36:*.spx=00;36:*.xspf=00;36:'), ('VSCODE_GIT_IPC_HANDLE', '/run/user/1000/vscode-git-5bbfded009.sock'), ('TERM_PROGRAM', 'vscode'), ('AMENT_PREFIX_PATH', '/home/tyler/lab1_ws/install/cpp_py_pkg'), ('SHELL', '/bin/bash'), ('LESSCLOSE', '/usr/bin/lesspipe %s %s'), ('VSCODE_GIT_ASKPASS_EXTRA_ARGS', ''), ('PWD', '/home/tyler/lab1_ws/build/cpp_py_pkg'), ('XDG_DATA_DIRS', '/usr/local/share:/usr/share:/var/lib/snapd/desktop'), ('COLCON', '1'), ('WSL2_GUI_APPS_ENABLED', '1'), ('HOSTTYPE', 'x86_64'), ('CMAKE_PREFIX_PATH', '/home/tyler/lab1_ws/install/cpp_py_pkg'), ('WSLENV', 'VSCODE_WSL_EXT_LOCATION/up')]), 'shell': False}
[0.371391] (-) TimerEvent: {}
[0.371805] (cpp_py_pkg) StdoutLine: {'line': b'-- Found ament_cmake: 0.9.12 (/opt/ros/foxy/share/ament_cmake/cmake)\n'}
[0.372250] (cpp_py_pkg) StdoutLine: {'line': b'-- Using PYTHON_EXECUTABLE: /usr/bin/python3\n'}
[0.372519] (cpp_py_pkg) StderrLine: {'line': b'Traceback (most recent call last):\n'}
[0.372761] (cpp_py_pkg) StderrLine: {'line': b'  File "/opt/ros/foxy/share/ament_cmake_core/cmake/package_templates/templates_2_cmake.py", line 21, in <module>\n'}
[0.372948] (cpp_py_pkg) StderrLine: {'line': b'    from ament_package.templates import get_environment_hook_template_path\n'}
[0.373123] (cpp_py_pkg) StderrLine: {'line': b"ModuleNotFoundError: No module named 'ament_package'\n"}
[0.373301] (cpp_py_pkg) StderrLine: {'line': b'CMake Error at /opt/ros/foxy/share/ament_cmake_core/cmake/ament_cmake_package_templates-extras.cmake:41 (message):\n'}
[0.373473] (cpp_py_pkg) StderrLine: {'line': b'  execute_process(/usr/bin/python3\n'}
[0.373645] (cpp_py_pkg) StderrLine: {'line': b'  /opt/ros/foxy/share/ament_cmake_core/cmake/package_templates/templates_2_cmake.py\n'}
[0.373814] (cpp_py_pkg) StderrLine: {'line': b'  /home/tyler/lab1_ws/build/cpp_py_pkg/ament_cmake_package_templates/templates.cmake)\n'}
[0.373981] (cpp_py_pkg) StderrLine: {'line': b'  returned error code 1\n'}
[0.374149] (cpp_py_pkg) StderrLine: {'line': b'Call Stack (most recent call first):\n'}
[0.374315] (cpp_py_pkg) StderrLine: {'line': b'  /opt/ros/foxy/share/ament_cmake_core/cmake/ament_cmake_coreConfig.cmake:41 (include)\n'}
[0.374482] (cpp_py_pkg) StderrLine: {'line': b'  /opt/ros/foxy/share/ament_cmake/cmake/ament_cmake_export_dependencies-extras.cmake:15 (find_package)\n'}
[0.374702] (cpp_py_pkg) StderrLine: {'line': b'  /opt/ros/foxy/share/ament_cmake/cmake/ament_cmakeConfig.cmake:41 (include)\n'}
[0.374874] (cpp_py_pkg) StderrLine: {'line': b'  CMakeLists.txt:19 (find_package)\n'}
[0.375043] (cpp_py_pkg) StderrLine: {'line': b'\n'}
[0.375210] (cpp_py_pkg) StderrLine: {'line': b'\n'}
[0.375379] (cpp_py_pkg) StdoutLine: {'line': b'-- Configuring incomplete, errors occurred!\n'}
[0.375553] (cpp_py_pkg) StdoutLine: {'line': b'See also "/home/tyler/lab1_ws/build/cpp_py_pkg/CMakeFiles/CMakeOutput.log".\n'}
[0.375727] (cpp_py_pkg) StdoutLine: {'line': b'See also "/home/tyler/lab1_ws/build/cpp_py_pkg/CMakeFiles/CMakeError.log".\n'}
[0.375898] (cpp_py_pkg) StderrLine: {'line': b'make: *** [Makefile:222: cmake_check_build_system] Error 1\n'}
[0.376121] (cpp_py_pkg) CommandEnded: {'returncode': 2}
[0.376765] (cpp_py_pkg) JobEnded: {'identifier': 'cpp_py_pkg', 'rc': 2}
[0.382731] (-) EventReactorShutdown: {}
