[0.130s] Invoking command in '/home/tyler/lab1_ws/build/cpp_py_pkg': /usr/bin/cmake --build /home/tyler/lab1_ws/build/cpp_py_pkg -- -j8 -l8
[0.156s] -- Found ament_cmake: 0.9.12 (/opt/ros/foxy/share/ament_cmake/cmake)
[0.179s] -- Using PYTHON_EXECUTABLE: /usr/bin/python3
[1.943s] Traceback (most recent call last):
[1.943s]   File "/opt/ros/foxy/share/ament_cmake_core/cmake/package_templates/templates_2_cmake.py", line 21, in <module>
[1.944s]     from ament_package.templates import get_environment_hook_template_path
[1.944s] ModuleNotFoundError: No module named 'ament_package'
[1.967s] CMake Error at /opt/ros/foxy/share/ament_cmake_core/cmake/ament_cmake_package_templates-extras.cmake:41 (message):
[1.967s]   execute_process(/usr/bin/python3
[1.968s]   /opt/ros/foxy/share/ament_cmake_core/cmake/package_templates/templates_2_cmake.py
[1.968s]   /home/tyler/lab1_ws/build/cpp_py_pkg/ament_cmake_package_templates/templates.cmake)
[1.968s]   returned error code 1
[1.968s] Call Stack (most recent call first):
[1.968s]   /opt/ros/foxy/share/ament_cmake_core/cmake/ament_cmake_coreConfig.cmake:41 (include)
[1.968s]   /opt/ros/foxy/share/ament_cmake/cmake/ament_cmake_export_dependencies-extras.cmake:15 (find_package)
[1.968s]   /opt/ros/foxy/share/ament_cmake/cmake/ament_cmakeConfig.cmake:41 (include)
[1.969s]   CMakeLists.txt:19 (find_package)
[1.969s] 
[1.969s] 
[1.969s] -- Configuring incomplete, errors occurred!
[1.969s] See also "/home/tyler/lab1_ws/build/cpp_py_pkg/CMakeFiles/CMakeOutput.log".
[1.969s] See also "/home/tyler/lab1_ws/build/cpp_py_pkg/CMakeFiles/CMakeError.log".
[1.971s] make: *** [Makefile:222: cmake_check_build_system] Error 1
[1.974s] Invoked command in '/home/tyler/lab1_ws/build/cpp_py_pkg' returned '2': /usr/bin/cmake --build /home/tyler/lab1_ws/build/cpp_py_pkg -- -j8 -l8
